<?xml version="1.0" encoding="UTF-8"?>
<!-- Generated by org.testng.reporters.JUnitXMLReporter -->
<testsuite hostname="LAPTOP-6BLT8BB7" ignored="0" name="Test" tests="9" failures="1" timestamp="2023-01-02T23:10:13 IST" time="136.004" errors="0">
  <testcase name="checkingordersTest" time="42.681" classname="com.nopCommerce.testcases.TC_checkingordersTest_002">
    <skipped/>
  </testcase> <!-- checkingordersTest -->
  <testcase name="checkingordersTest" time="38.8" classname="com.nopCommerce.testcases.TC_checkingordersTest_002">
    <skipped/>
  </testcase> <!-- checkingordersTest -->
  <testcase name="checkingordersTest" time="0.418" classname="com.nopCommerce.testcases.TC_checkingordersTest_002">
    <skipped/>
  </testcase> <!-- checkingordersTest -->
  <testcase name="checkingordersTest" time="0.03" classname="com.nopCommerce.testcases.TC_checkingordersTest_002">
    <failure type="org.openqa.selenium.NoSuchWindowException" message="no such window: target window already closed
from unknown error: web view not found
  (Session info: chrome=108.0.5359.125)
Build info: version: &amp;apos;3.14.0&amp;apos;, revision: &amp;apos;aacccce0&amp;apos;, time: &amp;apos;2018-08-02T20:19:58.91Z&amp;apos;
System info: host: &amp;apos;LAPTOP-6BLT8BB7&amp;apos;, ip: &amp;apos;192.168.0.109&amp;apos;, os.name: &amp;apos;Windows 10&amp;apos;, os.arch: &amp;apos;amd64&amp;apos;, os.version: &amp;apos;10.0&amp;apos;, java.version: &amp;apos;1.8.0_202&amp;apos;
Driver info: org.openqa.selenium.chrome.ChromeDriver
Capabilities {acceptInsecureCerts: false, browserName: chrome, browserVersion: 108.0.5359.125, chrome: {chromedriverVersion: 108.0.5359.71 (1e0e3868ee06..., userDataDir: C:\Users\arunn\AppData\Loca...}, goog:chromeOptions: {debuggerAddress: localhost:53170}, javascriptEnabled: true, networkConnectionEnabled: false, pageLoadStrategy: normal, platform: WINDOWS, platformName: WINDOWS, proxy: Proxy(), setWindowRect: true, strictFileInteractability: false, timeouts: {implicit: 0, pageLoad: 300000, script: 30000}, unhandledPromptBehavior: dismiss and notify, webauthn:extension:credBlob: true, webauthn:extension:largeBlob: true, webauthn:virtualAuthenticators: true}
Session ID: dfb9fcb6afb231d70aaa7a61367fb82d">
      <![CDATA[org.openqa.selenium.NoSuchWindowException: no such window: target window already closed
from unknown error: web view not found
  (Session info: chrome=108.0.5359.125)
Build info: version: '3.14.0', revision: 'aacccce0', time: '2018-08-02T20:19:58.91Z'
System info: host: 'LAPTOP-6BLT8BB7', ip: '192.168.0.109', os.name: 'Windows 10', os.arch: 'amd64', os.version: '10.0', java.version: '1.8.0_202'
Driver info: org.openqa.selenium.chrome.ChromeDriver
Capabilities {acceptInsecureCerts: false, browserName: chrome, browserVersion: 108.0.5359.125, chrome: {chromedriverVersion: 108.0.5359.71 (1e0e3868ee06..., userDataDir: C:\Users\arunn\AppData\Loca...}, goog:chromeOptions: {debuggerAddress: localhost:53170}, javascriptEnabled: true, networkConnectionEnabled: false, pageLoadStrategy: normal, platform: WINDOWS, platformName: WINDOWS, proxy: Proxy(), setWindowRect: true, strictFileInteractability: false, timeouts: {implicit: 0, pageLoad: 300000, script: 30000}, unhandledPromptBehavior: dismiss and notify, webauthn:extension:credBlob: true, webauthn:extension:largeBlob: true, webauthn:virtualAuthenticators: true}
Session ID: dfb9fcb6afb231d70aaa7a61367fb82d
at org.openqa.selenium.remote.http.W3CHttpResponseCodec.createException(W3CHttpResponseCodec.java:187)
at org.openqa.selenium.remote.http.W3CHttpResponseCodec.decode(W3CHttpResponseCodec.java:122)
at org.openqa.selenium.remote.http.W3CHttpResponseCodec.decode(W3CHttpResponseCodec.java:49)
at org.openqa.selenium.remote.HttpCommandExecutor.execute(HttpCommandExecutor.java:158)
at org.openqa.selenium.remote.service.DriverCommandExecutor.execute(DriverCommandExecutor.java:83)
at org.openqa.selenium.remote.RemoteWebDriver.execute(RemoteWebDriver.java:548)
at org.openqa.selenium.remote.RemoteWebDriver.get(RemoteWebDriver.java:276)
at com.nopCommerce.testcases.TC_checkingordersTest_002.checkingordersTest(TC_checkingordersTest_002.java:21)
at java.util.ArrayList.forEach(ArrayList.java:1257)
... Removed 31 stack frames]]>
    </failure>
  </testcase> <!-- checkingordersTest -->
  <testcase name="loginTest" time="8.604" classname="com.nopCommerce.testcases.TC_LoginTest_001"/>
  <testcase name="Addcustomerpage" time="17.628" classname="com.nopCommerce.testcases.TC_Addcustomerpage_003"/>
  <testcase name="loginDDT" time="9.585" classname="com.nopCommerce.testcases.TC_LoginDDT_004"/>
  <testcase name="loginDDT" time="1.496" classname="com.nopCommerce.testcases.TC_LoginDDT_004"/>
  <testcase name="loginDDT" time="1.054" classname="com.nopCommerce.testcases.TC_LoginDDT_004"/>
</testsuite> <!-- Test -->
